2022-06-04T10:50:31Z	ERROR	repo/ceateuser.go:18	sql: no rows in result set
2022-06-04T10:50:31Z	ERROR	user/service.go:41	sql: no rows in result set
2022-06-04T10:50:31Z	ERROR	user/api.go:178	sql: no rows in result set
2022-06-04T10:54:13Z	ERROR	repo/ceateuser.go:18	sql: no rows in result set
2022-06-04T10:54:13Z	ERROR	user/service.go:41	sql: no rows in result set
2022-06-04T10:54:13Z	ERROR	user/api.go:178	sql: no rows in result set
2022-06-04T10:54:38Z	ERROR	user/service.go:41	sql: no rows in result set
2022-06-04T10:54:38Z	ERROR	user/api.go:178	sql: no rows in result set
2022-06-04T10:56:53Z	ERROR	user/api.go:230	please provide first name
2022-06-04T11:09:10Z	ERROR	repo/updateusers.go:19	sql: Scan error on column index 1, name "lastname": destination not a pointer
2022-06-04T11:09:10Z	ERROR	user/service.go:58	internal server error
2022-06-04T11:09:10Z	ERROR	user/api.go:240	internal server error
2022-06-04T11:10:00Z	ERROR	user/api.go:230	please provide first name
2022-06-04T11:15:33Z	INFO	repo/updateusers.go:18	{ shrama 2000-10-07 00:00:00 +0000 +0000}
2022-06-04T11:17:03Z	INFO	repo/updateusers.go:18	{ shrama 2000-10-07 00:00:00 +0000 +0000}
2022-06-04T11:17:08Z	INFO	repo/updateusers.go:18	{hello shrama 2000-10-07 00:00:00 +0000 +0000}
2022-06-04T11:18:14Z	INFO	repo/updateusers.go:18	{ shrama 2000-10-07 00:00:00 +0000 +0000}
2022-06-04T11:18:14Z	INFO	repo/updateusers.go:26	user:{hello shrama 2000-10-07 00:00:00 +0000 UTC}
2022-06-04T11:18:49Z	INFO	repo/updateusers.go:18	{hello shrama 2000-10-07 00:00:00 +0000 +0000}
2022-06-04T11:18:49Z	INFO	repo/updateusers.go:26	user:{ shrama 2000-10-07 00:00:00 +0000 UTC}
2022-06-04T11:20:42Z	INFO	repo/updateusers.go:18	{ shrama 2000-10-07 00:00:00 +0000 +0000}
2022-06-04T11:20:42Z	INFO	repo/updateusers.go:26	user:{hello shrama 2000-10-07 00:00:00 +0000 UTC}
2022-06-04T11:20:49Z	INFO	repo/updateusers.go:18	{hello shrama 2000-10-07 00:00:00 +0000 +0000}
2022-06-04T11:20:49Z	INFO	repo/updateusers.go:26	user:{hello shrama 2000-10-07 00:00:00 +0000 UTC}
2022-06-04T11:20:56Z	INFO	repo/updateusers.go:18	{hello shrama 2000-10-07 00:00:00 +0000 +0000}
2022-06-04T11:20:56Z	INFO	repo/updateusers.go:26	user:{hii sge 2000-10-07 00:00:00 +0000 UTC}
2022-06-04T11:21:01Z	INFO	repo/updateusers.go:18	{hii sge 2000-10-07 00:00:00 +0000 +0000}
2022-06-04T11:21:01Z	INFO	repo/updateusers.go:26	user:{hii sge 2000-10-07 00:00:00 +0000 UTC}
2022-06-04T11:21:09Z	INFO	repo/updateusers.go:18	{hii sge 2000-10-07 00:00:00 +0000 +0000}
2022-06-04T11:21:09Z	INFO	repo/updateusers.go:26	user:{hii sge 2000-10-07 00:00:00 +0000 +0000}
2022-06-04T11:21:23Z	INFO	repo/updateusers.go:18	{hii sge 2000-10-07 00:00:00 +0000 +0000}
2022-06-04T11:21:23Z	INFO	repo/updateusers.go:26	user:{ms Dhoni 2000-10-07 00:00:00 +0000 +0000}
2022-06-06T13:34:41Z	ERROR	repo/ceateuser.go:36	pq: duplicate key value violates unique constraint "users_email_key"
2022-06-06T13:34:41Z	ERROR	user/service.go:41	internal server error
2022-06-06T13:34:41Z	ERROR	user/api.go:178	internal server error
2022-06-06T13:35:42Z	ERROR	repo/getSingleUser.go:17	sql: no rows in result set
2022-06-06T13:35:42Z	ERROR	user/service.go:22	user does not exists in the system
2022-06-06T13:35:42Z	ERROR	user/api.go:103	user does not exists in the system
2022-06-06T13:37:40Z	ERROR	user/service.go:50	user does not exists in the system
2022-06-06T13:37:40Z	ERROR	user/api.go:199	user does not exists in the system
2022-06-06T13:37:49Z	ERROR	user/service.go:50	user does not exists in the system
2022-06-06T13:37:49Z	ERROR	user/api.go:199	user does not exists in the system
2022-06-06T13:38:25Z	INFO	repo/updateusers.go:18	{rohit sharma 2000-10-06 00:00:00 +0000 +0000}
2022-06-06T13:38:25Z	INFO	repo/updateusers.go:26	user:{rahul Singh 2000-10-06 00:00:00 +0000 +0000}
2022-06-06T13:38:58Z	INFO	repo/updateusers.go:18	{rahul Singh 2000-10-06 00:00:00 +0000 +0000}
2022-06-06T13:38:58Z	INFO	repo/updateusers.go:26	user:{rahul Singh 1072-10-06 00:00:00 +0000 UTC}
2022-06-06T13:42:42Z	ERROR	user/api.go:222	failed to decode request: parsing time "\"1999-10-43\"" as "\"2006-01-02T15:04:05Z07:00\"": cannot parse "\"" as "T"
2022-06-06T13:52:35Z	INFO	goroutine/goroutine.go:67	[]
2022-06-06T14:06:47Z	ERROR	repo/ceateuser.go:36	pq: duplicate key value violates unique constraint "users_email_key"
2022-06-06T14:06:47Z	ERROR	user/service.go:41	internal server error
2022-06-06T14:06:47Z	ERROR	user/api.go:178	internal server error
2022-06-06T14:14:30Z	ERROR	repo/ceateuser.go:36	pq: duplicate key value violates unique constraint "users_email_key"
2022-06-06T14:14:30Z	ERROR	user/service.go:41	internal server error
2022-06-06T14:14:30Z	ERROR	user/api.go:178	internal server error
2022-06-06T14:20:22Z	ERROR	repo/repo.go:23	sql: no rows in result set
2022-06-06T14:20:22Z	ERROR	user/service.go:67	internal server error
2022-06-06T14:20:22Z	ERROR	user/api.go:55	internal server error
2022-06-06T14:20:50Z	ERROR	user/api.go:222	failed to decode request: parsing time "\"1999-10-43\"" as "\"2006-01-02T15:04:05Z07:00\"": cannot parse "\"" as "T"
2022-06-06T14:21:09Z	ERROR	user/api.go:222	failed to decode request: parsing time "\"1999-10-30\"" as "\"2006-01-02T15:04:05Z07:00\"": cannot parse "\"" as "T"
2022-06-06T14:21:24Z	INFO	repo/updateusers.go:18	{rahul Singh 1072-10-06 00:00:00 +0000 +0000}
2022-06-06T14:21:24Z	INFO	repo/updateusers.go:26	user:{rahul sharma 1072-10-06 00:00:00 +0000 +0000}
2022-06-06T14:22:35Z	INFO	goroutine/goroutine.go:67	[]
2022-06-06T14:32:08Z	ERROR	user/service.go:50	user does not exists in the system
2022-06-06T14:32:08Z	ERROR	user/api.go:199	user does not exists in the system
2022-06-06T14:34:16Z	INFO	goroutine/goroutine.go:67	[{1 rohit} {2 rahul}]
2022-06-06T14:34:21Z	INFO	goroutine/goroutine.go:67	[]
2022-06-06T14:34:26Z	INFO	goroutine/goroutine.go:67	[]
2022-06-06T14:34:31Z	INFO	goroutine/goroutine.go:67	[]
2022-06-06T14:34:36Z	INFO	goroutine/goroutine.go:67	[]
2022-06-06T14:34:41Z	INFO	goroutine/goroutine.go:67	[]
2022-06-06T14:34:46Z	INFO	goroutine/goroutine.go:67	[]
2022-06-06T14:34:51Z	INFO	goroutine/goroutine.go:67	[]
2022-06-06T14:34:56Z	INFO	goroutine/goroutine.go:67	[]
2022-06-06T14:35:01Z	INFO	goroutine/goroutine.go:67	[]
2022-06-06T14:35:06Z	INFO	goroutine/goroutine.go:67	[]
2022-06-06T14:35:11Z	INFO	goroutine/goroutine.go:67	[]
2022-06-06T14:35:16Z	INFO	goroutine/goroutine.go:67	[]
2022-06-06T14:35:21Z	INFO	goroutine/goroutine.go:67	[]
2022-06-06T14:35:26Z	INFO	goroutine/goroutine.go:67	[]
2022-06-06T14:35:31Z	INFO	goroutine/goroutine.go:67	[{3 rohit}]
2022-06-06T14:35:36Z	INFO	goroutine/goroutine.go:67	[]
2022-06-06T14:35:41Z	INFO	goroutine/goroutine.go:67	[]
2022-06-06T14:35:46Z	INFO	goroutine/goroutine.go:67	[]
2022-06-06T14:35:51Z	INFO	goroutine/goroutine.go:67	[]
2022-06-06T14:35:56Z	INFO	goroutine/goroutine.go:67	[]
2022-07-27T19:15:56Z	INFO	goroutine/goroutine.go:67	[{8 rohit} {9 rohit}]
2022-07-27T19:16:01Z	INFO	goroutine/goroutine.go:67	[]
2022-07-27T19:16:06Z	INFO	goroutine/goroutine.go:67	[]
2022-07-27T19:16:11Z	INFO	goroutine/goroutine.go:67	[]
2022-07-27T19:16:16Z	INFO	goroutine/goroutine.go:67	[]
2022-07-27T19:16:21Z	INFO	goroutine/goroutine.go:67	[]
2022-07-27T19:16:26Z	INFO	goroutine/goroutine.go:67	[]
2022-07-27T19:16:31Z	INFO	goroutine/goroutine.go:67	[]
2022-07-27T19:16:36Z	INFO	goroutine/goroutine.go:67	[]
2022-07-27T19:16:41Z	INFO	goroutine/goroutine.go:67	[]
2022-07-27T19:16:46Z	INFO	goroutine/goroutine.go:67	[]
2022-07-27T19:16:51Z	INFO	goroutine/goroutine.go:67	[]
2022-07-27T19:16:56Z	INFO	goroutine/goroutine.go:67	[]
2022-07-27T19:17:01Z	INFO	goroutine/goroutine.go:67	[]
2022-07-27T19:17:06Z	INFO	goroutine/goroutine.go:67	[]
2022-07-27T19:17:11Z	INFO	goroutine/goroutine.go:67	[]
2022-07-27T19:17:16Z	INFO	goroutine/goroutine.go:67	[]
2022-07-27T19:17:21Z	INFO	goroutine/goroutine.go:67	[]
2022-07-27T19:17:26Z	INFO	goroutine/goroutine.go:67	[]
2022-07-27T19:17:31Z	INFO	goroutine/goroutine.go:67	[]
2022-07-27T19:17:36Z	INFO	goroutine/goroutine.go:67	[]
2022-07-27T19:17:41Z	INFO	goroutine/goroutine.go:67	[]
2022-07-27T19:17:46Z	INFO	goroutine/goroutine.go:67	[]
2022-07-27T19:17:51Z	INFO	goroutine/goroutine.go:67	[]
2022-07-27T19:17:56Z	INFO	goroutine/goroutine.go:67	[]
2022-07-27T19:18:01Z	INFO	goroutine/goroutine.go:67	[]
2022-07-27T19:18:06Z	INFO	goroutine/goroutine.go:67	[]
2022-07-27T19:18:11Z	INFO	goroutine/goroutine.go:67	[]
2022-07-27T19:18:16Z	INFO	goroutine/goroutine.go:67	[]
2022-07-27T19:18:21Z	INFO	goroutine/goroutine.go:67	[]
2022-07-27T19:18:26Z	INFO	goroutine/goroutine.go:67	[]
2022-07-27T19:18:31Z	INFO	goroutine/goroutine.go:67	[]
2022-07-27T19:18:36Z	INFO	goroutine/goroutine.go:67	[]
2022-07-27T19:18:41Z	INFO	goroutine/goroutine.go:67	[]
2022-07-27T19:18:46Z	INFO	goroutine/goroutine.go:67	[]
2022-07-27T19:18:51Z	INFO	goroutine/goroutine.go:67	[]
2022-07-27T19:18:56Z	INFO	goroutine/goroutine.go:67	[]
2022-07-27T19:19:01Z	INFO	goroutine/goroutine.go:67	[]
2022-07-27T19:19:06Z	INFO	goroutine/goroutine.go:67	[]
2022-07-27T19:19:11Z	INFO	goroutine/goroutine.go:67	[]
2022-07-27T19:19:16Z	INFO	goroutine/goroutine.go:67	[]
2022-07-27T19:19:21Z	INFO	goroutine/goroutine.go:67	[]
2022-07-27T19:19:26Z	INFO	goroutine/goroutine.go:67	[]
2022-07-27T19:19:31Z	INFO	goroutine/goroutine.go:67	[]
2022-07-27T19:19:36Z	INFO	goroutine/goroutine.go:67	[]
2022-07-27T19:19:41Z	INFO	goroutine/goroutine.go:67	[]
2022-07-27T19:19:46Z	INFO	goroutine/goroutine.go:67	[]
2022-07-27T19:19:51Z	INFO	goroutine/goroutine.go:67	[]
2022-07-27T19:19:56Z	INFO	goroutine/goroutine.go:67	[]
2022-07-27T19:20:01Z	INFO	goroutine/goroutine.go:67	[]
2022-07-27T19:20:06Z	INFO	goroutine/goroutine.go:67	[]
2022-07-27T19:20:11Z	INFO	goroutine/goroutine.go:67	[]
2022-07-27T19:20:16Z	INFO	goroutine/goroutine.go:67	[]
2022-07-27T19:20:21Z	INFO	goroutine/goroutine.go:67	[]
2022-07-27T19:20:26Z	INFO	goroutine/goroutine.go:67	[]
2022-07-27T19:20:31Z	INFO	goroutine/goroutine.go:67	[]
2022-07-27T19:20:36Z	INFO	goroutine/goroutine.go:67	[]
2022-07-27T19:20:41Z	INFO	goroutine/goroutine.go:67	[]
2022-07-27T19:20:42Z	ERROR	user/api.go:98	email cannot be more than 20 charactes
2022-07-27T19:20:46Z	INFO	goroutine/goroutine.go:67	[]
2022-07-27T19:20:51Z	INFO	goroutine/goroutine.go:67	[]
2022-07-27T19:20:56Z	INFO	goroutine/goroutine.go:67	[]
2022-07-27T19:21:01Z	INFO	goroutine/goroutine.go:67	[]
2022-07-27T19:21:06Z	INFO	goroutine/goroutine.go:67	[]
2022-07-27T19:21:11Z	INFO	goroutine/goroutine.go:67	[]
2022-07-27T19:21:16Z	INFO	goroutine/goroutine.go:67	[]
2022-07-27T19:21:21Z	INFO	goroutine/goroutine.go:67	[]
2022-07-27T19:21:26Z	INFO	goroutine/goroutine.go:67	[]
2022-07-27T19:21:31Z	INFO	goroutine/goroutine.go:67	[]
2022-07-27T19:21:36Z	INFO	goroutine/goroutine.go:67	[]
2022-07-27T19:21:41Z	INFO	goroutine/goroutine.go:67	[]
2022-07-27T19:21:46Z	INFO	goroutine/goroutine.go:67	[]
2022-07-27T19:21:51Z	INFO	goroutine/goroutine.go:67	[]
2022-07-27T19:21:56Z	INFO	goroutine/goroutine.go:67	[]
2022-07-27T19:22:01Z	INFO	goroutine/goroutine.go:67	[]
2022-07-27T19:22:06Z	INFO	goroutine/goroutine.go:67	[]
2022-07-27T19:22:11Z	INFO	goroutine/goroutine.go:67	[]
2022-07-27T19:22:16Z	INFO	goroutine/goroutine.go:67	[]
2022-07-27T19:22:21Z	INFO	goroutine/goroutine.go:67	[]
2022-07-27T19:22:26Z	INFO	goroutine/goroutine.go:67	[]
2022-07-27T19:22:31Z	INFO	goroutine/goroutine.go:67	[]
2022-07-27T19:22:36Z	INFO	goroutine/goroutine.go:67	[]
2022-07-27T19:23:22Z	INFO	goroutine/goroutine.go:67	[]
2022-07-27T19:23:27Z	INFO	goroutine/goroutine.go:67	[]
2022-07-27T19:23:32Z	INFO	goroutine/goroutine.go:67	[]
2022-07-27T19:23:37Z	INFO	goroutine/goroutine.go:67	[]
2022-07-27T19:23:42Z	INFO	goroutine/goroutine.go:67	[]
2022-07-27T19:23:47Z	INFO	goroutine/goroutine.go:67	[]
2022-07-27T19:23:52Z	INFO	goroutine/goroutine.go:67	[]
2022-07-27T19:23:53Z	ERROR	repo/ceateuser.go:36	pq: duplicate key value violates unique constraint "users_email_key"
2022-07-27T19:23:53Z	ERROR	user/service.go:41	internal server error
2022-07-27T19:23:53Z	ERROR	user/api.go:106	internal server error
2022-07-27T19:23:57Z	INFO	goroutine/goroutine.go:67	[]
2022-07-27T19:24:02Z	INFO	goroutine/goroutine.go:67	[]
2022-07-27T19:24:07Z	INFO	goroutine/goroutine.go:67	[]
2022-07-27T19:24:12Z	INFO	goroutine/goroutine.go:67	[]
2022-07-27T19:24:17Z	INFO	goroutine/goroutine.go:67	[]
2022-07-27T19:24:22Z	INFO	goroutine/goroutine.go:67	[]
2022-07-27T19:24:27Z	INFO	goroutine/goroutine.go:67	[]
2022-07-27T19:24:32Z	INFO	goroutine/goroutine.go:67	[]
2022-07-27T19:24:37Z	INFO	goroutine/goroutine.go:67	[]
2022-07-27T19:24:42Z	INFO	goroutine/goroutine.go:67	[]
2022-07-27T19:24:47Z	INFO	goroutine/goroutine.go:67	[]
2022-07-27T19:24:52Z	INFO	goroutine/goroutine.go:67	[]
2022-07-27T19:24:57Z	INFO	goroutine/goroutine.go:67	[]
2022-07-27T19:25:02Z	INFO	goroutine/goroutine.go:67	[]
2022-07-27T19:25:07Z	INFO	goroutine/goroutine.go:67	[]
2022-07-27T19:25:12Z	INFO	goroutine/goroutine.go:67	[]
2022-07-27T19:25:17Z	INFO	goroutine/goroutine.go:67	[]
2022-07-27T19:25:22Z	INFO	goroutine/goroutine.go:67	[]
2022-07-27T19:25:27Z	INFO	goroutine/goroutine.go:67	[]
2022-07-27T19:25:32Z	INFO	goroutine/goroutine.go:67	[]
2022-07-27T19:25:37Z	INFO	goroutine/goroutine.go:67	[]
2022-07-27T19:25:42Z	INFO	goroutine/goroutine.go:67	[]
2022-07-27T19:25:47Z	INFO	goroutine/goroutine.go:67	[]
2022-07-27T19:25:52Z	INFO	goroutine/goroutine.go:67	[]
2022-07-27T19:25:57Z	INFO	goroutine/goroutine.go:67	[]
2022-07-27T19:26:02Z	INFO	goroutine/goroutine.go:67	[]
2022-07-27T19:26:07Z	INFO	goroutine/goroutine.go:67	[]
2022-07-27T19:26:12Z	INFO	goroutine/goroutine.go:67	[]
2022-07-27T19:26:17Z	INFO	goroutine/goroutine.go:67	[]
2022-07-27T19:26:22Z	INFO	goroutine/goroutine.go:67	[]
2022-07-27T19:26:27Z	INFO	goroutine/goroutine.go:67	[]
2022-07-27T19:26:32Z	INFO	goroutine/goroutine.go:67	[]
2022-07-27T19:26:37Z	INFO	goroutine/goroutine.go:67	[]
2022-07-27T19:26:42Z	INFO	goroutine/goroutine.go:67	[]
2022-07-27T19:26:47Z	INFO	goroutine/goroutine.go:67	[]
2022-07-27T19:26:52Z	INFO	goroutine/goroutine.go:67	[]
2022-07-27T19:26:57Z	INFO	goroutine/goroutine.go:67	[]
2022-07-27T19:27:02Z	INFO	goroutine/goroutine.go:67	[]
2022-07-27T19:27:07Z	INFO	goroutine/goroutine.go:67	[]
2022-07-27T19:27:12Z	INFO	goroutine/goroutine.go:67	[]
2022-07-27T19:27:17Z	INFO	goroutine/goroutine.go:67	[]
2022-07-27T19:27:22Z	INFO	goroutine/goroutine.go:67	[]
2022-07-27T19:27:27Z	INFO	goroutine/goroutine.go:67	[]
2022-07-27T19:27:32Z	INFO	goroutine/goroutine.go:67	[]
2022-07-27T19:27:37Z	INFO	goroutine/goroutine.go:67	[]
2022-07-27T19:27:42Z	INFO	goroutine/goroutine.go:67	[]
2022-07-27T19:27:47Z	INFO	goroutine/goroutine.go:67	[]
2022-07-27T19:27:52Z	INFO	goroutine/goroutine.go:67	[]
2022-07-27T19:27:57Z	INFO	goroutine/goroutine.go:67	[]
2022-07-27T19:28:02Z	INFO	goroutine/goroutine.go:67	[]
2022-07-27T19:28:07Z	INFO	goroutine/goroutine.go:67	[]
2022-07-27T19:28:12Z	INFO	goroutine/goroutine.go:67	[]
2022-07-27T19:28:17Z	INFO	goroutine/goroutine.go:67	[]
2022-07-27T19:28:22Z	INFO	goroutine/goroutine.go:67	[]
2022-07-27T19:28:27Z	INFO	goroutine/goroutine.go:67	[]
2022-07-27T19:28:32Z	INFO	goroutine/goroutine.go:67	[]
2022-07-27T19:28:37Z	INFO	goroutine/goroutine.go:67	[]
2022-07-27T19:28:42Z	INFO	goroutine/goroutine.go:67	[]
2022-07-27T19:28:47Z	INFO	goroutine/goroutine.go:67	[]
2022-07-27T19:28:52Z	INFO	goroutine/goroutine.go:67	[]
2022-07-27T19:28:57Z	INFO	goroutine/goroutine.go:67	[]
2022-07-27T19:29:02Z	INFO	goroutine/goroutine.go:67	[]
2022-07-27T19:29:07Z	INFO	goroutine/goroutine.go:67	[]
2022-07-27T19:29:12Z	INFO	goroutine/goroutine.go:67	[]
2022-07-27T19:29:17Z	INFO	goroutine/goroutine.go:67	[]
2022-07-27T19:29:22Z	INFO	goroutine/goroutine.go:67	[]
2022-07-27T19:29:27Z	INFO	goroutine/goroutine.go:67	[]
2022-07-27T19:29:32Z	INFO	goroutine/goroutine.go:67	[]
2022-07-27T19:29:37Z	INFO	goroutine/goroutine.go:67	[]
2022-07-27T19:29:42Z	INFO	goroutine/goroutine.go:67	[]
2022-07-27T19:29:47Z	INFO	goroutine/goroutine.go:67	[]
2022-07-27T19:29:52Z	INFO	goroutine/goroutine.go:67	[]
2022-07-27T19:29:57Z	INFO	goroutine/goroutine.go:67	[]
2022-07-27T19:30:02Z	INFO	goroutine/goroutine.go:67	[]
2022-07-28T17:24:09Z	INFO	goroutine/goroutine.go:67	[]
2022-07-28T17:24:14Z	INFO	goroutine/goroutine.go:67	[]
2022-07-28T17:24:19Z	INFO	goroutine/goroutine.go:67	[]
2022-07-28T17:24:19Z	ERROR	repo/ceateuser.go:36	pq: duplicate key value violates unique constraint "users_email_key"
2022-07-28T17:24:19Z	ERROR	user/service.go:41	internal server error
2022-07-28T17:24:19Z	ERROR	user/api.go:106	internal server error
2022-07-28T17:24:24Z	INFO	goroutine/goroutine.go:67	[]
2022-07-28T17:24:29Z	INFO	goroutine/goroutine.go:67	[]
2022-07-28T17:24:34Z	INFO	goroutine/goroutine.go:67	[]
2022-07-28T17:24:39Z	INFO	goroutine/goroutine.go:67	[]
2022-07-28T17:24:44Z	INFO	goroutine/goroutine.go:67	[]
2022-07-28T17:24:49Z	INFO	goroutine/goroutine.go:67	[]
2022-07-28T17:24:54Z	INFO	goroutine/goroutine.go:67	[]
2022-07-28T17:24:59Z	INFO	goroutine/goroutine.go:67	[]
2022-07-28T17:25:04Z	INFO	goroutine/goroutine.go:67	[]
2022-07-28T17:25:09Z	INFO	goroutine/goroutine.go:67	[]
2022-07-28T17:25:14Z	INFO	goroutine/goroutine.go:67	[]
2022-07-28T17:25:19Z	INFO	goroutine/goroutine.go:67	[]
2022-07-28T17:25:24Z	INFO	goroutine/goroutine.go:67	[]
2022-07-28T17:25:29Z	INFO	goroutine/goroutine.go:67	[]
2022-07-28T17:25:34Z	INFO	goroutine/goroutine.go:67	[]
2022-07-28T17:25:39Z	INFO	goroutine/goroutine.go:67	[]
2022-07-28T17:25:44Z	INFO	goroutine/goroutine.go:67	[]
2022-07-28T17:25:48Z	ERROR	user/service.go:50	user does not exists in the system
2022-07-28T17:25:48Z	ERROR	user/api.go:232	user does not exists in the system
2022-07-28T17:25:49Z	INFO	goroutine/goroutine.go:67	[]
2022-07-28T17:25:50Z	ERROR	user/service.go:50	user does not exists in the system
2022-07-28T17:25:50Z	ERROR	user/api.go:232	user does not exists in the system
2022-07-28T17:25:54Z	INFO	goroutine/goroutine.go:67	[]
2022-07-28T17:25:58Z	ERROR	repo/getSingleUser.go:17	sql: no rows in result set
2022-07-28T17:25:58Z	ERROR	user/service.go:22	user does not exists in the system
2022-07-28T17:25:58Z	ERROR	user/api.go:147	user does not exists in the system
2022-07-28T17:25:59Z	INFO	goroutine/goroutine.go:67	[]
2022-07-28T17:26:04Z	INFO	goroutine/goroutine.go:67	[]
2022-07-28T17:26:09Z	INFO	goroutine/goroutine.go:67	[]
2022-07-28T17:26:14Z	INFO	goroutine/goroutine.go:67	[]
2022-07-28T17:26:19Z	INFO	goroutine/goroutine.go:67	[]
2022-07-28T17:26:24Z	INFO	goroutine/goroutine.go:67	[]
2022-07-28T17:26:29Z	INFO	goroutine/goroutine.go:67	[]
2022-07-28T17:26:34Z	INFO	goroutine/goroutine.go:67	[]
2022-07-28T17:26:39Z	INFO	goroutine/goroutine.go:67	[]
2022-07-28T17:26:44Z	INFO	goroutine/goroutine.go:67	[{14 ms}]
2022-07-28T17:26:49Z	INFO	goroutine/goroutine.go:67	[]
2022-07-28T17:26:54Z	INFO	goroutine/goroutine.go:67	[]
2022-07-28T17:26:59Z	INFO	goroutine/goroutine.go:67	[]
2022-07-28T17:27:04Z	INFO	goroutine/goroutine.go:67	[]
2022-07-28T17:27:09Z	INFO	goroutine/goroutine.go:67	[]
2022-07-28T17:27:14Z	INFO	goroutine/goroutine.go:67	[]
2022-07-28T17:27:19Z	INFO	goroutine/goroutine.go:67	[]
2022-07-28T17:27:24Z	INFO	goroutine/goroutine.go:67	[]
2022-07-28T17:27:29Z	INFO	goroutine/goroutine.go:67	[]
2022-07-28T17:27:34Z	INFO	goroutine/goroutine.go:67	[]
2022-07-28T17:27:39Z	INFO	goroutine/goroutine.go:67	[]
2022-07-28T17:27:44Z	INFO	goroutine/goroutine.go:67	[]
2022-07-28T17:27:49Z	INFO	goroutine/goroutine.go:67	[]
2022-07-28T17:27:54Z	INFO	goroutine/goroutine.go:67	[]
2022-07-28T17:27:59Z	INFO	goroutine/goroutine.go:67	[]
2022-07-28T17:28:04Z	INFO	goroutine/goroutine.go:67	[]
2022-07-28T17:28:09Z	INFO	goroutine/goroutine.go:67	[]
2022-07-28T17:28:14Z	INFO	goroutine/goroutine.go:67	[]
2022-07-28T17:28:19Z	INFO	goroutine/goroutine.go:67	[]
2022-07-28T17:28:24Z	INFO	goroutine/goroutine.go:67	[]
2022-07-28T17:28:29Z	INFO	goroutine/goroutine.go:67	[]
2022-07-28T17:28:34Z	INFO	goroutine/goroutine.go:67	[]
2022-07-28T17:28:39Z	INFO	goroutine/goroutine.go:67	[]
2022-07-28T17:28:44Z	INFO	goroutine/goroutine.go:67	[]
2022-07-28T17:28:49Z	INFO	goroutine/goroutine.go:67	[]
2022-07-28T17:28:54Z	INFO	goroutine/goroutine.go:67	[]
2022-07-28T17:28:59Z	INFO	goroutine/goroutine.go:67	[]
2022-07-28T17:29:04Z	INFO	goroutine/goroutine.go:67	[]
2022-07-28T17:29:09Z	INFO	goroutine/goroutine.go:67	[]
2022-07-28T17:29:14Z	INFO	goroutine/goroutine.go:67	[]
2022-07-28T17:29:19Z	INFO	goroutine/goroutine.go:67	[]
2022-07-28T17:29:24Z	INFO	goroutine/goroutine.go:67	[]
2022-07-28T17:29:29Z	INFO	goroutine/goroutine.go:67	[]
2022-07-28T17:29:34Z	INFO	goroutine/goroutine.go:67	[]
2022-07-28T17:29:39Z	INFO	goroutine/goroutine.go:67	[]
2022-07-28T17:29:44Z	INFO	goroutine/goroutine.go:67	[]
2022-07-28T17:29:49Z	INFO	goroutine/goroutine.go:67	[]
2022-07-28T17:29:54Z	INFO	goroutine/goroutine.go:67	[]
2022-07-28T17:29:59Z	INFO	goroutine/goroutine.go:67	[]
2022-07-28T17:30:04Z	INFO	goroutine/goroutine.go:67	[]
2022-07-28T17:30:09Z	INFO	goroutine/goroutine.go:67	[]
2022-07-28T17:30:14Z	INFO	goroutine/goroutine.go:67	[]
2022-07-28T17:30:19Z	INFO	goroutine/goroutine.go:67	[]
2022-07-28T17:30:24Z	INFO	goroutine/goroutine.go:67	[]
2022-07-28T17:30:29Z	INFO	goroutine/goroutine.go:67	[]
2022-07-28T17:30:34Z	INFO	goroutine/goroutine.go:67	[]
2022-07-28T17:30:39Z	INFO	goroutine/goroutine.go:67	[]
2022-07-28T17:30:44Z	INFO	goroutine/goroutine.go:67	[]
2022-07-28T17:30:49Z	INFO	goroutine/goroutine.go:67	[]
2022-07-28T17:30:54Z	INFO	goroutine/goroutine.go:67	[]
2022-07-28T17:30:59Z	INFO	goroutine/goroutine.go:67	[]
2022-07-28T17:31:04Z	INFO	goroutine/goroutine.go:67	[]
2022-07-28T17:31:09Z	INFO	goroutine/goroutine.go:67	[]
2022-07-28T17:31:14Z	INFO	goroutine/goroutine.go:67	[]
2022-07-28T17:31:19Z	INFO	goroutine/goroutine.go:67	[]
2022-07-28T17:31:24Z	INFO	goroutine/goroutine.go:67	[]
2022-07-28T17:31:29Z	INFO	goroutine/goroutine.go:67	[]
2022-07-28T17:31:34Z	INFO	goroutine/goroutine.go:67	[]
2022-07-28T17:31:39Z	INFO	goroutine/goroutine.go:67	[]
2022-07-28T17:31:44Z	INFO	goroutine/goroutine.go:67	[]
2022-07-28T17:31:49Z	INFO	goroutine/goroutine.go:67	[]
2022-07-28T17:31:54Z	INFO	goroutine/goroutine.go:67	[]
2022-07-28T17:31:59Z	INFO	goroutine/goroutine.go:67	[]
2022-07-28T17:32:04Z	INFO	goroutine/goroutine.go:67	[]
2022-07-28T17:32:09Z	INFO	goroutine/goroutine.go:67	[]
2022-07-28T17:32:14Z	INFO	goroutine/goroutine.go:67	[]
2022-07-28T17:32:19Z	INFO	goroutine/goroutine.go:67	[]
2022-07-28T17:32:24Z	INFO	goroutine/goroutine.go:67	[]
2022-07-28T17:32:29Z	INFO	goroutine/goroutine.go:67	[]
2022-07-28T17:32:34Z	INFO	goroutine/goroutine.go:67	[]
2022-07-28T17:32:39Z	INFO	goroutine/goroutine.go:67	[]
2022-07-28T17:32:44Z	INFO	goroutine/goroutine.go:67	[]
2022-07-28T17:32:49Z	INFO	goroutine/goroutine.go:67	[]
2022-07-28T17:32:54Z	INFO	goroutine/goroutine.go:67	[]
2022-07-28T17:32:59Z	INFO	goroutine/goroutine.go:67	[]
2022-07-28T17:33:04Z	INFO	goroutine/goroutine.go:67	[]
2022-07-28T17:33:09Z	INFO	goroutine/goroutine.go:67	[]
2022-07-28T17:33:14Z	INFO	goroutine/goroutine.go:67	[]
2022-07-28T17:33:19Z	INFO	goroutine/goroutine.go:67	[]
2022-07-28T17:33:24Z	INFO	goroutine/goroutine.go:67	[]
2022-07-28T17:33:29Z	INFO	goroutine/goroutine.go:67	[]
2022-07-28T17:33:34Z	INFO	goroutine/goroutine.go:67	[]
2022-07-28T17:33:39Z	INFO	goroutine/goroutine.go:67	[]
2022-07-28T17:33:44Z	INFO	goroutine/goroutine.go:67	[]
2022-07-28T17:33:49Z	INFO	goroutine/goroutine.go:67	[]
2022-07-28T17:33:54Z	INFO	goroutine/goroutine.go:67	[]
2022-07-28T17:33:59Z	INFO	goroutine/goroutine.go:67	[]
2022-07-28T17:34:04Z	INFO	goroutine/goroutine.go:67	[]
2022-07-28T17:34:09Z	INFO	goroutine/goroutine.go:67	[]
2022-07-28T17:34:14Z	INFO	goroutine/goroutine.go:67	[]
2022-07-28T17:34:19Z	INFO	goroutine/goroutine.go:67	[]
2022-07-28T17:34:24Z	INFO	goroutine/goroutine.go:67	[]
2022-07-28T17:34:29Z	INFO	goroutine/goroutine.go:67	[]
2022-07-28T17:34:34Z	INFO	goroutine/goroutine.go:67	[]
2022-07-28T17:34:39Z	INFO	goroutine/goroutine.go:67	[]
2022-07-28T17:34:44Z	INFO	goroutine/goroutine.go:67	[]
2022-07-28T17:34:49Z	INFO	goroutine/goroutine.go:67	[]
2022-07-28T17:34:54Z	INFO	goroutine/goroutine.go:67	[]
2022-07-28T17:34:59Z	INFO	goroutine/goroutine.go:67	[]
2022-07-28T17:35:04Z	INFO	goroutine/goroutine.go:67	[]
2022-07-28T17:35:09Z	INFO	goroutine/goroutine.go:67	[]
2022-07-28T17:35:14Z	INFO	goroutine/goroutine.go:67	[]
2022-07-28T17:35:19Z	INFO	goroutine/goroutine.go:67	[]
2022-07-28T17:35:24Z	INFO	goroutine/goroutine.go:67	[]
2022-07-28T17:35:29Z	INFO	goroutine/goroutine.go:67	[]
2022-07-28T17:35:34Z	INFO	goroutine/goroutine.go:67	[]
2022-07-28T17:35:39Z	INFO	goroutine/goroutine.go:67	[]
2022-07-28T17:35:44Z	INFO	goroutine/goroutine.go:67	[]
2022-07-28T17:35:49Z	INFO	goroutine/goroutine.go:67	[]
2022-07-28T17:35:54Z	INFO	goroutine/goroutine.go:67	[]
2022-07-28T17:35:59Z	INFO	goroutine/goroutine.go:67	[]
2022-07-28T17:36:04Z	INFO	goroutine/goroutine.go:67	[]
2022-07-28T17:36:09Z	INFO	goroutine/goroutine.go:67	[]
2022-07-28T17:36:14Z	INFO	goroutine/goroutine.go:67	[]
2022-07-28T17:36:19Z	INFO	goroutine/goroutine.go:67	[]
2022-07-28T17:36:24Z	INFO	goroutine/goroutine.go:67	[]
2022-07-28T17:36:29Z	INFO	goroutine/goroutine.go:67	[]
2022-07-29T16:13:38Z	INFO	goroutine/goroutine.go:67	[]
2022-07-29T16:13:43Z	INFO	goroutine/goroutine.go:67	[]
2022-07-29T16:13:48Z	INFO	goroutine/goroutine.go:67	[]
2022-07-29T16:14:17Z	INFO	goroutine/goroutine.go:67	[]
2022-07-29T16:14:22Z	INFO	goroutine/goroutine.go:67	[]
2022-07-29T16:14:27Z	INFO	goroutine/goroutine.go:67	[]
2022-07-29T16:14:32Z	INFO	goroutine/goroutine.go:67	[]
2022-07-29T16:14:37Z	INFO	goroutine/goroutine.go:67	[]
2022-07-29T16:14:42Z	INFO	goroutine/goroutine.go:67	[]
2022-07-29T16:14:47Z	INFO	goroutine/goroutine.go:67	[]
2022-07-29T16:14:52Z	INFO	goroutine/goroutine.go:67	[]
2022-07-29T16:14:57Z	INFO	goroutine/goroutine.go:67	[]
2022-07-29T16:15:02Z	INFO	goroutine/goroutine.go:67	[]
2022-07-29T16:15:07Z	INFO	goroutine/goroutine.go:67	[]
2022-07-29T16:15:12Z	INFO	goroutine/goroutine.go:67	[]
2022-07-29T16:15:17Z	INFO	goroutine/goroutine.go:67	[]
2022-07-29T16:15:22Z	INFO	goroutine/goroutine.go:67	[]
2022-07-29T16:15:27Z	INFO	goroutine/goroutine.go:67	[]
2022-07-29T16:15:32Z	INFO	goroutine/goroutine.go:67	[]
2022-07-29T16:15:37Z	INFO	goroutine/goroutine.go:67	[]
2022-07-29T16:15:42Z	INFO	goroutine/goroutine.go:67	[]
2022-07-29T16:15:47Z	INFO	goroutine/goroutine.go:67	[]
2022-07-29T16:15:52Z	INFO	goroutine/goroutine.go:67	[]
2022-07-29T16:15:57Z	INFO	goroutine/goroutine.go:67	[]
2022-07-29T16:16:02Z	INFO	goroutine/goroutine.go:67	[]
2022-07-29T16:16:07Z	INFO	goroutine/goroutine.go:67	[]
2022-07-29T16:16:10Z	ERROR	repo/repo.go:29	crypto/bcrypt: hashedPassword is not the hash of the given password
2022-07-29T16:16:10Z	ERROR	user/service.go:67	internal server error
2022-07-29T16:16:10Z	ERROR	user/api.go:55	internal server error
2022-07-29T16:16:12Z	INFO	goroutine/goroutine.go:67	[]
2022-07-29T16:16:17Z	INFO	goroutine/goroutine.go:67	[]
2022-07-29T16:16:22Z	INFO	goroutine/goroutine.go:67	[]
2022-07-29T16:16:27Z	INFO	goroutine/goroutine.go:67	[]
2022-07-29T16:16:32Z	INFO	goroutine/goroutine.go:67	[]
2022-07-29T16:16:37Z	INFO	goroutine/goroutine.go:67	[]
2022-07-29T16:16:42Z	INFO	goroutine/goroutine.go:67	[]
2022-07-29T16:16:47Z	INFO	goroutine/goroutine.go:67	[]
2022-07-29T16:16:52Z	INFO	goroutine/goroutine.go:67	[]
2022-07-29T16:16:57Z	INFO	goroutine/goroutine.go:67	[]
2022-07-29T16:17:02Z	INFO	goroutine/goroutine.go:67	[]
2022-07-29T16:17:07Z	INFO	goroutine/goroutine.go:67	[]
2022-07-29T16:17:12Z	INFO	goroutine/goroutine.go:67	[]
2022-07-29T16:17:17Z	INFO	goroutine/goroutine.go:67	[]
2022-07-29T16:17:22Z	INFO	goroutine/goroutine.go:67	[]
2022-07-29T16:17:27Z	INFO	goroutine/goroutine.go:67	[]
2022-07-29T16:17:32Z	INFO	goroutine/goroutine.go:67	[]
2022-07-29T16:17:37Z	INFO	goroutine/goroutine.go:67	[]
2022-07-29T16:17:42Z	INFO	goroutine/goroutine.go:67	[]
2022-07-29T16:17:47Z	INFO	goroutine/goroutine.go:67	[]
2022-07-29T16:17:52Z	INFO	goroutine/goroutine.go:67	[]
2022-07-29T16:17:57Z	INFO	goroutine/goroutine.go:67	[]
2022-07-29T16:18:02Z	INFO	goroutine/goroutine.go:67	[]
2022-07-29T16:18:07Z	INFO	goroutine/goroutine.go:67	[]
2022-07-29T16:18:12Z	INFO	goroutine/goroutine.go:67	[]
2022-07-29T16:18:17Z	INFO	goroutine/goroutine.go:67	[]
2022-07-29T16:18:22Z	INFO	goroutine/goroutine.go:67	[]
2022-07-29T16:18:27Z	INFO	goroutine/goroutine.go:67	[]
2022-07-29T16:18:32Z	INFO	goroutine/goroutine.go:67	[]
2022-07-29T16:18:37Z	INFO	goroutine/goroutine.go:67	[]
2022-07-29T16:18:42Z	INFO	goroutine/goroutine.go:67	[]
2022-07-29T16:18:47Z	INFO	goroutine/goroutine.go:67	[]
2022-07-29T16:18:52Z	INFO	goroutine/goroutine.go:67	[]
2022-07-29T16:18:57Z	INFO	goroutine/goroutine.go:67	[]
2022-07-29T16:19:02Z	INFO	goroutine/goroutine.go:67	[]
2022-07-29T16:19:07Z	INFO	goroutine/goroutine.go:67	[]
2022-07-29T16:19:12Z	INFO	goroutine/goroutine.go:67	[]
2022-07-29T16:19:17Z	INFO	goroutine/goroutine.go:67	[]
2022-07-29T16:19:22Z	INFO	goroutine/goroutine.go:67	[]
2022-07-29T16:19:27Z	INFO	goroutine/goroutine.go:67	[]
2022-07-29T16:19:32Z	INFO	goroutine/goroutine.go:67	[]
2022-07-29T16:19:37Z	INFO	goroutine/goroutine.go:67	[]
2022-07-29T16:19:42Z	INFO	goroutine/goroutine.go:67	[]
2022-07-29T16:19:47Z	INFO	goroutine/goroutine.go:67	[]
2022-07-29T16:19:52Z	INFO	goroutine/goroutine.go:67	[]
2022-07-29T16:19:57Z	INFO	goroutine/goroutine.go:67	[]
2022-07-29T16:20:02Z	INFO	goroutine/goroutine.go:67	[]
2022-07-29T16:20:07Z	INFO	goroutine/goroutine.go:67	[]
2022-07-29T16:20:12Z	INFO	goroutine/goroutine.go:67	[]
2022-07-29T16:20:17Z	INFO	goroutine/goroutine.go:67	[]
2022-07-29T16:20:22Z	INFO	goroutine/goroutine.go:67	[]
2022-07-29T16:20:27Z	INFO	goroutine/goroutine.go:67	[]
2022-07-29T16:20:32Z	INFO	goroutine/goroutine.go:67	[]
2022-07-29T16:20:37Z	INFO	goroutine/goroutine.go:67	[]
2022-07-29T16:20:42Z	INFO	goroutine/goroutine.go:67	[]
2022-07-29T16:20:47Z	INFO	goroutine/goroutine.go:67	[]
2022-07-29T16:20:52Z	INFO	goroutine/goroutine.go:67	[]
2022-07-29T16:20:57Z	INFO	goroutine/goroutine.go:67	[]
2022-07-29T16:21:02Z	INFO	goroutine/goroutine.go:67	[]
2022-07-29T16:21:07Z	INFO	goroutine/goroutine.go:67	[]
2022-07-29T16:21:12Z	INFO	goroutine/goroutine.go:67	[]
2022-07-29T16:21:17Z	INFO	goroutine/goroutine.go:67	[]
2022-07-29T16:21:22Z	INFO	goroutine/goroutine.go:67	[]
2022-07-29T16:21:27Z	INFO	goroutine/goroutine.go:67	[]
2022-07-29T16:21:32Z	INFO	goroutine/goroutine.go:67	[]
2022-07-29T16:21:37Z	INFO	goroutine/goroutine.go:67	[]
2022-07-29T16:21:42Z	INFO	goroutine/goroutine.go:67	[]
2022-07-29T16:21:47Z	INFO	goroutine/goroutine.go:67	[]
2022-07-29T16:21:52Z	INFO	goroutine/goroutine.go:67	[]
2022-07-29T16:21:57Z	INFO	goroutine/goroutine.go:67	[]
2022-07-29T16:22:02Z	INFO	goroutine/goroutine.go:67	[]
2022-07-29T16:22:07Z	INFO	goroutine/goroutine.go:67	[]
2022-07-29T16:22:12Z	INFO	goroutine/goroutine.go:67	[]
2022-07-29T16:22:17Z	INFO	goroutine/goroutine.go:67	[]
2022-07-29T16:22:22Z	INFO	goroutine/goroutine.go:67	[]
2022-07-29T16:22:27Z	INFO	goroutine/goroutine.go:67	[]
2022-07-29T16:22:32Z	INFO	goroutine/goroutine.go:67	[]
2022-07-29T16:22:37Z	INFO	goroutine/goroutine.go:67	[]
2022-07-29T16:22:42Z	INFO	goroutine/goroutine.go:67	[]
2022-07-29T16:22:47Z	INFO	goroutine/goroutine.go:67	[]
2022-07-29T16:22:52Z	INFO	goroutine/goroutine.go:67	[]
2022-07-29T16:22:57Z	INFO	goroutine/goroutine.go:67	[]
2022-07-29T16:23:02Z	INFO	goroutine/goroutine.go:67	[]
2022-07-29T16:23:07Z	INFO	goroutine/goroutine.go:67	[]
2022-07-29T16:23:12Z	INFO	goroutine/goroutine.go:67	[]
2022-07-29T16:23:17Z	INFO	goroutine/goroutine.go:67	[]
2022-07-29T16:23:22Z	INFO	goroutine/goroutine.go:67	[]
2022-07-29T16:23:27Z	INFO	goroutine/goroutine.go:67	[]
2022-07-29T16:23:32Z	INFO	goroutine/goroutine.go:67	[]
2022-07-29T16:23:37Z	INFO	goroutine/goroutine.go:67	[]
2022-07-29T16:23:42Z	INFO	goroutine/goroutine.go:67	[]
2022-07-29T16:23:47Z	INFO	goroutine/goroutine.go:67	[]
2022-07-29T16:23:52Z	INFO	goroutine/goroutine.go:67	[]
2022-07-29T16:23:57Z	INFO	goroutine/goroutine.go:67	[]
2022-07-29T16:24:02Z	INFO	goroutine/goroutine.go:67	[]
2022-07-29T16:24:07Z	INFO	goroutine/goroutine.go:67	[]
2022-07-29T16:24:12Z	INFO	goroutine/goroutine.go:67	[]
2022-07-29T16:24:17Z	INFO	goroutine/goroutine.go:67	[]
2022-07-29T16:24:22Z	INFO	goroutine/goroutine.go:67	[]
2022-07-29T16:24:27Z	INFO	goroutine/goroutine.go:67	[]
2022-07-29T16:24:32Z	INFO	goroutine/goroutine.go:67	[]
2022-07-29T16:24:37Z	INFO	goroutine/goroutine.go:67	[]
2022-07-29T16:24:42Z	INFO	goroutine/goroutine.go:67	[]
2022-07-29T16:24:47Z	INFO	goroutine/goroutine.go:67	[]
2022-07-29T16:24:52Z	INFO	goroutine/goroutine.go:67	[]
2022-07-29T16:24:57Z	INFO	goroutine/goroutine.go:67	[]
2022-07-29T16:25:02Z	INFO	goroutine/goroutine.go:67	[]
2022-07-29T16:25:07Z	INFO	goroutine/goroutine.go:67	[]
2022-07-29T16:25:12Z	INFO	goroutine/goroutine.go:67	[]
2022-07-29T16:25:17Z	INFO	goroutine/goroutine.go:67	[]
2022-07-29T16:25:22Z	INFO	goroutine/goroutine.go:67	[]
2022-07-29T16:25:27Z	INFO	goroutine/goroutine.go:67	[]
2022-07-29T16:25:32Z	INFO	goroutine/goroutine.go:67	[]
2022-07-29T16:25:37Z	INFO	goroutine/goroutine.go:67	[]
2022-07-29T16:25:42Z	INFO	goroutine/goroutine.go:67	[]
2022-07-29T16:25:47Z	INFO	goroutine/goroutine.go:67	[]
2022-07-29T16:25:52Z	INFO	goroutine/goroutine.go:67	[]
2022-07-29T16:25:57Z	INFO	goroutine/goroutine.go:67	[]
2022-07-29T16:26:02Z	INFO	goroutine/goroutine.go:67	[]
2022-07-29T16:26:07Z	INFO	goroutine/goroutine.go:67	[]
2022-07-29T16:26:12Z	INFO	goroutine/goroutine.go:67	[]
2022-07-29T16:26:17Z	INFO	goroutine/goroutine.go:67	[]
2022-07-29T16:26:22Z	INFO	goroutine/goroutine.go:67	[]
2022-07-29T16:26:27Z	INFO	goroutine/goroutine.go:67	[]
2022-07-29T16:26:32Z	INFO	goroutine/goroutine.go:67	[]
2022-07-29T16:26:37Z	INFO	goroutine/goroutine.go:67	[]
2022-07-29T16:26:42Z	INFO	goroutine/goroutine.go:67	[]
2022-07-29T16:26:47Z	INFO	goroutine/goroutine.go:67	[]
2022-07-29T16:26:52Z	INFO	goroutine/goroutine.go:67	[]
2022-07-29T16:26:57Z	INFO	goroutine/goroutine.go:67	[]
2022-07-29T16:27:02Z	INFO	goroutine/goroutine.go:67	[]
2022-07-29T16:27:07Z	INFO	goroutine/goroutine.go:67	[]
2022-07-29T16:27:12Z	INFO	goroutine/goroutine.go:67	[]
2022-07-29T16:27:17Z	INFO	goroutine/goroutine.go:67	[]
2022-07-29T16:27:22Z	INFO	goroutine/goroutine.go:67	[]
2022-07-29T17:59:00Z	INFO	goroutine/goroutine.go:67	[]
2022-07-29T17:59:05Z	INFO	goroutine/goroutine.go:67	[]
2022-07-29T17:59:10Z	INFO	goroutine/goroutine.go:67	[]
2022-07-29T17:59:15Z	INFO	goroutine/goroutine.go:67	[]
2022-07-29T17:59:20Z	INFO	goroutine/goroutine.go:67	[]
2022-07-29T17:59:25Z	INFO	goroutine/goroutine.go:67	[]
2022-07-29T17:59:30Z	INFO	goroutine/goroutine.go:67	[]
2022-07-29T17:59:35Z	INFO	goroutine/goroutine.go:67	[]
2022-07-29T17:59:40Z	INFO	goroutine/goroutine.go:67	[]
2022-07-29T17:59:45Z	INFO	goroutine/goroutine.go:67	[]
2022-07-29T17:59:50Z	INFO	goroutine/goroutine.go:67	[]
2022-07-29T17:59:55Z	INFO	goroutine/goroutine.go:67	[]
2022-07-29T18:00:00Z	INFO	goroutine/goroutine.go:67	[]
2022-07-29T18:00:05Z	INFO	goroutine/goroutine.go:67	[]
2022-07-29T18:00:10Z	INFO	goroutine/goroutine.go:67	[]
2022-07-29T18:00:15Z	INFO	goroutine/goroutine.go:67	[]
2022-07-29T18:00:20Z	INFO	goroutine/goroutine.go:67	[]
2022-07-29T18:00:25Z	INFO	goroutine/goroutine.go:67	[]
2022-07-29T18:00:30Z	INFO	goroutine/goroutine.go:67	[]
2022-07-29T18:00:35Z	INFO	goroutine/goroutine.go:67	[]
2022-07-29T18:00:40Z	INFO	goroutine/goroutine.go:67	[]
2022-07-29T18:00:45Z	INFO	goroutine/goroutine.go:67	[]
2022-07-29T18:00:50Z	INFO	goroutine/goroutine.go:67	[]
2022-07-29T18:00:55Z	INFO	goroutine/goroutine.go:67	[]
2022-07-29T18:01:00Z	INFO	goroutine/goroutine.go:67	[]
2022-07-29T18:01:05Z	INFO	goroutine/goroutine.go:67	[]
2022-07-29T18:01:10Z	INFO	goroutine/goroutine.go:67	[]
2022-07-29T18:01:15Z	INFO	goroutine/goroutine.go:67	[]
2022-07-29T18:01:20Z	INFO	goroutine/goroutine.go:67	[]
2022-07-29T18:01:25Z	INFO	goroutine/goroutine.go:67	[]
2022-07-29T18:01:30Z	INFO	goroutine/goroutine.go:67	[]
2022-07-29T18:01:35Z	INFO	goroutine/goroutine.go:67	[]
2022-07-29T18:01:40Z	INFO	goroutine/goroutine.go:67	[]
2022-07-29T18:01:45Z	INFO	goroutine/goroutine.go:67	[]
2022-07-29T18:01:50Z	INFO	goroutine/goroutine.go:67	[]
2022-07-29T18:01:55Z	INFO	goroutine/goroutine.go:67	[]
2022-07-29T18:02:00Z	INFO	goroutine/goroutine.go:67	[]
2022-07-29T18:02:05Z	INFO	goroutine/goroutine.go:67	[]
2022-07-29T18:02:10Z	INFO	goroutine/goroutine.go:67	[]
2022-07-29T18:02:15Z	INFO	goroutine/goroutine.go:67	[]
2022-07-29T18:02:20Z	INFO	goroutine/goroutine.go:67	[]
2022-07-29T18:02:25Z	INFO	goroutine/goroutine.go:67	[]
2022-07-29T18:02:30Z	INFO	goroutine/goroutine.go:67	[]
2022-07-29T18:02:35Z	INFO	goroutine/goroutine.go:67	[]
2022-07-29T18:02:40Z	INFO	goroutine/goroutine.go:67	[]
2022-07-29T18:02:48Z	INFO	goroutine/goroutine.go:67	[]
2022-07-29T18:02:53Z	INFO	goroutine/goroutine.go:67	[]
2022-07-29T18:02:58Z	INFO	goroutine/goroutine.go:67	[]
2022-07-29T18:03:03Z	INFO	goroutine/goroutine.go:67	[]
2022-07-29T18:03:08Z	INFO	goroutine/goroutine.go:67	[]
2022-07-29T18:03:13Z	INFO	goroutine/goroutine.go:67	[]
2022-07-29T18:03:18Z	INFO	goroutine/goroutine.go:67	[]
2022-07-29T18:03:23Z	INFO	goroutine/goroutine.go:67	[]
2022-07-29T18:03:28Z	INFO	goroutine/goroutine.go:67	[]
2022-07-29T18:03:33Z	INFO	goroutine/goroutine.go:67	[]
2022-07-29T18:03:38Z	INFO	goroutine/goroutine.go:67	[]
2022-07-29T18:03:43Z	INFO	goroutine/goroutine.go:67	[]
2022-07-29T18:03:48Z	INFO	goroutine/goroutine.go:67	[]
2022-07-29T18:03:53Z	INFO	goroutine/goroutine.go:67	[]
2022-07-29T18:03:58Z	INFO	goroutine/goroutine.go:67	[]
2022-07-29T18:04:03Z	INFO	goroutine/goroutine.go:67	[]
2022-07-29T18:04:08Z	INFO	goroutine/goroutine.go:67	[]
2022-07-29T18:04:13Z	INFO	goroutine/goroutine.go:67	[]
2022-07-29T18:04:18Z	INFO	goroutine/goroutine.go:67	[]
2022-07-29T18:04:23Z	INFO	goroutine/goroutine.go:67	[]
2022-07-29T18:04:28Z	INFO	goroutine/goroutine.go:67	[]
2022-07-29T18:04:33Z	INFO	goroutine/goroutine.go:67	[]
2022-07-29T18:04:38Z	INFO	goroutine/goroutine.go:67	[]
2022-07-29T18:04:43Z	INFO	goroutine/goroutine.go:67	[]
2022-07-29T18:04:48Z	INFO	goroutine/goroutine.go:67	[]
2022-07-29T18:04:53Z	INFO	goroutine/goroutine.go:67	[]
2022-07-29T18:04:58Z	INFO	goroutine/goroutine.go:67	[]
2022-07-29T18:05:03Z	INFO	goroutine/goroutine.go:67	[]
2022-07-29T18:05:08Z	INFO	goroutine/goroutine.go:67	[]
2022-07-29T18:05:13Z	INFO	goroutine/goroutine.go:67	[]
2022-07-29T18:05:18Z	INFO	goroutine/goroutine.go:67	[]
2022-07-29T18:05:23Z	INFO	goroutine/goroutine.go:67	[]
2022-07-29T18:05:28Z	INFO	goroutine/goroutine.go:67	[]
2022-07-29T18:05:33Z	INFO	goroutine/goroutine.go:67	[]
2022-07-29T18:05:38Z	INFO	goroutine/goroutine.go:67	[]
2022-07-29T18:05:43Z	INFO	goroutine/goroutine.go:67	[]
2022-07-29T18:05:48Z	INFO	goroutine/goroutine.go:67	[]
2022-07-29T18:05:53Z	INFO	goroutine/goroutine.go:67	[]
2022-07-29T18:05:58Z	INFO	goroutine/goroutine.go:67	[]
2022-07-29T18:06:03Z	INFO	goroutine/goroutine.go:67	[]
2022-07-29T18:06:08Z	INFO	goroutine/goroutine.go:67	[]
2022-07-29T18:06:13Z	INFO	goroutine/goroutine.go:67	[]
2022-07-29T18:06:18Z	INFO	goroutine/goroutine.go:67	[]
2022-07-29T18:06:23Z	INFO	goroutine/goroutine.go:67	[]
2022-07-29T18:06:28Z	INFO	goroutine/goroutine.go:67	[]
2022-07-29T18:06:33Z	INFO	goroutine/goroutine.go:67	[]
2022-07-29T18:06:38Z	INFO	goroutine/goroutine.go:67	[]
2022-07-29T18:06:43Z	INFO	goroutine/goroutine.go:67	[]
2022-07-29T18:06:48Z	INFO	goroutine/goroutine.go:67	[]
2022-07-29T18:06:53Z	INFO	goroutine/goroutine.go:67	[]
2022-07-29T18:06:58Z	INFO	goroutine/goroutine.go:67	[]
2022-07-29T18:07:03Z	INFO	goroutine/goroutine.go:67	[]
2022-07-29T18:07:08Z	INFO	goroutine/goroutine.go:67	[]
2022-07-29T18:07:13Z	INFO	goroutine/goroutine.go:67	[]
2022-07-29T18:07:18Z	INFO	goroutine/goroutine.go:67	[]
2022-07-29T18:07:23Z	INFO	goroutine/goroutine.go:67	[]
2022-07-29T18:07:28Z	INFO	goroutine/goroutine.go:67	[]
2022-07-29T18:07:33Z	INFO	goroutine/goroutine.go:67	[]
2022-07-29T18:07:38Z	INFO	goroutine/goroutine.go:67	[]
2022-07-29T18:07:43Z	INFO	goroutine/goroutine.go:67	[]
2022-07-29T18:07:48Z	INFO	goroutine/goroutine.go:67	[]
2022-07-29T18:07:53Z	INFO	goroutine/goroutine.go:67	[]
2022-07-29T18:07:58Z	INFO	goroutine/goroutine.go:67	[]
2022-07-29T18:08:03Z	INFO	goroutine/goroutine.go:67	[]
2022-07-29T18:08:08Z	INFO	goroutine/goroutine.go:67	[]
2022-07-29T18:08:13Z	INFO	goroutine/goroutine.go:67	[]
2022-07-29T18:08:18Z	INFO	goroutine/goroutine.go:67	[]
2022-07-29T18:08:23Z	INFO	goroutine/goroutine.go:67	[]
2022-07-29T18:08:28Z	INFO	goroutine/goroutine.go:67	[]
2022-07-29T18:08:33Z	INFO	goroutine/goroutine.go:67	[]
2022-07-29T18:08:38Z	INFO	goroutine/goroutine.go:67	[]
2022-07-29T18:08:43Z	INFO	goroutine/goroutine.go:67	[]
2022-07-29T18:08:48Z	INFO	goroutine/goroutine.go:67	[]
2022-07-29T18:08:53Z	INFO	goroutine/goroutine.go:67	[]
2022-07-29T18:08:58Z	INFO	goroutine/goroutine.go:67	[]
2022-07-29T18:09:03Z	INFO	goroutine/goroutine.go:67	[]
2022-07-29T18:09:08Z	INFO	goroutine/goroutine.go:67	[]
2022-07-29T18:09:13Z	INFO	goroutine/goroutine.go:67	[]
2022-07-29T18:09:18Z	INFO	goroutine/goroutine.go:67	[]
2022-07-29T18:09:23Z	INFO	goroutine/goroutine.go:67	[]
2022-07-29T18:09:28Z	INFO	goroutine/goroutine.go:67	[]
2022-07-29T18:09:33Z	INFO	goroutine/goroutine.go:67	[]
2022-07-29T18:09:38Z	INFO	goroutine/goroutine.go:67	[]
2022-07-29T18:09:43Z	INFO	goroutine/goroutine.go:67	[]
2022-07-29T18:09:48Z	INFO	goroutine/goroutine.go:67	[]
2022-07-29T18:09:53Z	INFO	goroutine/goroutine.go:67	[]
2022-07-29T18:09:58Z	INFO	goroutine/goroutine.go:67	[]
2022-07-29T18:10:03Z	INFO	goroutine/goroutine.go:67	[]
2022-07-29T18:10:08Z	INFO	goroutine/goroutine.go:67	[]
2022-07-29T18:10:13Z	INFO	goroutine/goroutine.go:67	[]
2022-07-29T18:10:18Z	INFO	goroutine/goroutine.go:67	[]
2022-07-29T18:10:23Z	INFO	goroutine/goroutine.go:67	[]
2022-07-29T18:10:28Z	INFO	goroutine/goroutine.go:67	[]
2022-07-29T18:10:33Z	INFO	goroutine/goroutine.go:67	[]
2022-07-29T18:10:38Z	INFO	goroutine/goroutine.go:67	[]
2022-07-29T18:10:43Z	INFO	goroutine/goroutine.go:67	[]
2022-07-29T18:10:48Z	INFO	goroutine/goroutine.go:67	[]
2022-07-29T18:10:53Z	INFO	goroutine/goroutine.go:67	[]
2022-07-29T18:10:58Z	INFO	goroutine/goroutine.go:67	[]
2022-07-29T18:11:03Z	INFO	goroutine/goroutine.go:67	[]
2022-07-29T18:11:08Z	INFO	goroutine/goroutine.go:67	[]
2022-07-29T18:11:13Z	INFO	goroutine/goroutine.go:67	[]
2022-07-29T18:11:18Z	INFO	goroutine/goroutine.go:67	[]
2022-07-29T18:11:23Z	INFO	goroutine/goroutine.go:67	[]
2022-07-29T18:11:28Z	INFO	goroutine/goroutine.go:67	[]
2022-07-29T18:11:33Z	INFO	goroutine/goroutine.go:67	[]
2022-07-29T18:11:38Z	INFO	goroutine/goroutine.go:67	[]
2022-07-29T18:11:43Z	INFO	goroutine/goroutine.go:67	[]
2022-07-29T18:11:48Z	INFO	goroutine/goroutine.go:67	[]
2022-07-29T18:11:53Z	INFO	goroutine/goroutine.go:67	[]
2022-07-29T18:11:58Z	INFO	goroutine/goroutine.go:67	[]
2022-07-29T18:12:03Z	INFO	goroutine/goroutine.go:67	[]
2022-07-29T18:12:08Z	INFO	goroutine/goroutine.go:67	[]
2022-07-29T18:12:13Z	INFO	goroutine/goroutine.go:67	[]
2022-07-29T18:12:18Z	INFO	goroutine/goroutine.go:67	[]
2022-07-29T18:12:23Z	INFO	goroutine/goroutine.go:67	[]
2022-07-29T18:12:28Z	INFO	goroutine/goroutine.go:67	[]
2022-07-29T18:12:33Z	INFO	goroutine/goroutine.go:67	[]
2022-07-29T18:12:38Z	INFO	goroutine/goroutine.go:67	[]
2022-07-29T18:12:43Z	INFO	goroutine/goroutine.go:67	[]
2022-07-29T18:12:48Z	INFO	goroutine/goroutine.go:67	[]
2022-07-29T18:12:53Z	INFO	goroutine/goroutine.go:67	[]
2022-07-29T18:12:58Z	INFO	goroutine/goroutine.go:67	[]
2022-07-29T18:13:03Z	INFO	goroutine/goroutine.go:67	[]
2022-07-29T18:13:08Z	INFO	goroutine/goroutine.go:67	[]
2022-07-29T18:13:13Z	INFO	goroutine/goroutine.go:67	[]
2022-07-29T18:13:18Z	INFO	goroutine/goroutine.go:67	[]
2022-07-29T18:13:23Z	INFO	goroutine/goroutine.go:67	[]
2022-07-29T18:13:28Z	INFO	goroutine/goroutine.go:67	[]
2022-07-29T18:13:33Z	INFO	goroutine/goroutine.go:67	[]
2022-07-29T18:13:38Z	INFO	goroutine/goroutine.go:67	[]
2022-07-29T18:13:43Z	INFO	goroutine/goroutine.go:67	[]
2022-07-29T18:13:48Z	INFO	goroutine/goroutine.go:67	[]
2022-07-29T18:13:53Z	INFO	goroutine/goroutine.go:67	[]
2022-07-29T18:13:58Z	INFO	goroutine/goroutine.go:67	[]
2022-07-29T18:14:03Z	INFO	goroutine/goroutine.go:67	[]
2022-07-29T18:14:08Z	INFO	goroutine/goroutine.go:67	[]
2022-07-29T18:14:13Z	INFO	goroutine/goroutine.go:67	[]
2022-07-29T18:14:18Z	INFO	goroutine/goroutine.go:67	[]
2022-07-29T18:14:23Z	INFO	goroutine/goroutine.go:67	[]
2022-07-29T18:14:28Z	INFO	goroutine/goroutine.go:67	[]
2022-07-29T18:14:33Z	INFO	goroutine/goroutine.go:67	[]
2022-07-29T18:14:38Z	INFO	goroutine/goroutine.go:67	[]
2022-07-29T18:14:43Z	INFO	goroutine/goroutine.go:67	[]
2022-07-29T18:14:48Z	INFO	goroutine/goroutine.go:67	[]
2022-07-29T18:14:53Z	INFO	goroutine/goroutine.go:67	[]
2022-07-29T18:14:58Z	INFO	goroutine/goroutine.go:67	[]
2022-07-29T18:15:03Z	INFO	goroutine/goroutine.go:67	[]
2022-07-29T18:15:08Z	INFO	goroutine/goroutine.go:67	[]
2022-07-29T18:15:13Z	INFO	goroutine/goroutine.go:67	[]
2022-07-29T18:15:18Z	INFO	goroutine/goroutine.go:67	[]
2022-07-29T18:15:23Z	INFO	goroutine/goroutine.go:67	[]
2022-07-29T18:15:28Z	INFO	goroutine/goroutine.go:67	[]
2022-07-29T18:15:33Z	INFO	goroutine/goroutine.go:67	[]
2022-07-29T18:15:38Z	INFO	goroutine/goroutine.go:67	[]
2022-07-29T18:15:43Z	INFO	goroutine/goroutine.go:67	[]
2022-07-29T18:15:48Z	INFO	goroutine/goroutine.go:67	[]
2022-07-29T18:15:53Z	INFO	goroutine/goroutine.go:67	[]
2022-07-29T18:15:58Z	INFO	goroutine/goroutine.go:67	[]
2022-07-29T18:16:03Z	INFO	goroutine/goroutine.go:67	[]
2022-07-29T18:16:08Z	INFO	goroutine/goroutine.go:67	[]
2022-07-29T18:16:13Z	INFO	goroutine/goroutine.go:67	[]
2022-07-29T18:16:18Z	INFO	goroutine/goroutine.go:67	[]
2022-07-29T18:16:23Z	INFO	goroutine/goroutine.go:67	[]
2022-07-29T18:16:28Z	INFO	goroutine/goroutine.go:67	[]
2022-07-29T18:16:33Z	INFO	goroutine/goroutine.go:67	[]
2022-07-29T18:16:38Z	INFO	goroutine/goroutine.go:67	[]
2022-07-29T18:16:43Z	INFO	goroutine/goroutine.go:67	[]
2022-07-29T18:16:48Z	INFO	goroutine/goroutine.go:67	[]
2022-07-29T18:16:53Z	INFO	goroutine/goroutine.go:67	[]
2022-07-29T18:16:58Z	INFO	goroutine/goroutine.go:67	[]
2022-07-29T18:17:03Z	INFO	goroutine/goroutine.go:67	[]
2022-07-29T18:17:08Z	INFO	goroutine/goroutine.go:67	[]
2022-07-29T18:17:13Z	INFO	goroutine/goroutine.go:67	[]
2022-07-29T18:17:18Z	INFO	goroutine/goroutine.go:67	[]
2022-07-29T18:17:23Z	INFO	goroutine/goroutine.go:67	[]
2022-07-29T18:17:28Z	INFO	goroutine/goroutine.go:67	[]
2022-07-29T18:17:33Z	INFO	goroutine/goroutine.go:67	[]
2022-07-29T18:17:38Z	INFO	goroutine/goroutine.go:67	[]
2022-07-29T18:17:43Z	INFO	goroutine/goroutine.go:67	[]
2022-07-29T18:17:48Z	INFO	goroutine/goroutine.go:67	[]
2022-07-29T18:17:53Z	INFO	goroutine/goroutine.go:67	[]
2022-07-29T18:17:58Z	INFO	goroutine/goroutine.go:67	[]
2022-07-29T18:18:03Z	INFO	goroutine/goroutine.go:67	[]
2022-07-29T18:18:08Z	INFO	goroutine/goroutine.go:67	[]
2022-07-29T18:18:13Z	INFO	goroutine/goroutine.go:67	[]
2022-07-29T18:18:18Z	INFO	goroutine/goroutine.go:67	[]
2022-07-29T18:18:23Z	INFO	goroutine/goroutine.go:67	[]
2022-07-29T18:18:28Z	INFO	goroutine/goroutine.go:67	[]
2022-07-29T18:18:33Z	INFO	goroutine/goroutine.go:67	[]
2022-07-29T18:18:38Z	INFO	goroutine/goroutine.go:67	[]
2022-07-29T18:18:43Z	INFO	goroutine/goroutine.go:67	[]
2022-07-29T18:18:48Z	INFO	goroutine/goroutine.go:67	[]
2022-07-29T18:18:53Z	INFO	goroutine/goroutine.go:67	[]
2022-07-29T18:18:58Z	INFO	goroutine/goroutine.go:67	[]
2022-07-29T18:19:03Z	INFO	goroutine/goroutine.go:67	[]
2022-07-29T18:19:08Z	INFO	goroutine/goroutine.go:67	[]
2022-07-29T18:19:13Z	INFO	goroutine/goroutine.go:67	[]
2022-07-29T18:19:18Z	INFO	goroutine/goroutine.go:67	[]
2022-07-29T18:19:23Z	INFO	goroutine/goroutine.go:67	[]
2022-07-29T18:19:28Z	INFO	goroutine/goroutine.go:67	[]
2022-07-29T18:19:33Z	INFO	goroutine/goroutine.go:67	[]
2022-07-29T18:19:38Z	INFO	goroutine/goroutine.go:67	[]
2022-07-29T18:19:43Z	INFO	goroutine/goroutine.go:67	[]
2022-07-29T18:19:48Z	INFO	goroutine/goroutine.go:67	[]
2022-07-29T18:19:53Z	INFO	goroutine/goroutine.go:67	[]
2022-07-29T18:19:58Z	INFO	goroutine/goroutine.go:67	[]
2022-07-29T18:20:03Z	INFO	goroutine/goroutine.go:67	[]
2022-07-29T18:20:08Z	INFO	goroutine/goroutine.go:67	[]
2022-07-29T18:20:13Z	INFO	goroutine/goroutine.go:67	[]
2022-07-29T18:20:18Z	INFO	goroutine/goroutine.go:67	[]
2022-07-29T18:20:23Z	INFO	goroutine/goroutine.go:67	[]
2022-07-29T18:20:28Z	INFO	goroutine/goroutine.go:67	[]
2022-07-29T18:20:33Z	INFO	goroutine/goroutine.go:67	[]
2022-07-29T18:20:38Z	INFO	goroutine/goroutine.go:67	[]
2022-07-29T18:20:43Z	INFO	goroutine/goroutine.go:67	[]
2022-07-29T18:20:48Z	INFO	goroutine/goroutine.go:67	[]
2022-07-29T18:20:53Z	INFO	goroutine/goroutine.go:67	[]
2022-07-29T18:20:58Z	INFO	goroutine/goroutine.go:67	[]
2022-07-29T18:21:03Z	INFO	goroutine/goroutine.go:67	[]
2022-07-29T18:21:08Z	INFO	goroutine/goroutine.go:67	[]
2022-07-29T18:21:13Z	INFO	goroutine/goroutine.go:67	[]
2022-07-29T18:21:18Z	INFO	goroutine/goroutine.go:67	[]
2022-07-29T18:21:23Z	INFO	goroutine/goroutine.go:67	[]
2022-07-29T18:21:28Z	INFO	goroutine/goroutine.go:67	[]
2022-07-29T18:21:33Z	INFO	goroutine/goroutine.go:67	[]
2022-07-29T18:21:38Z	INFO	goroutine/goroutine.go:67	[]
2022-07-29T18:21:43Z	INFO	goroutine/goroutine.go:67	[]
2022-07-29T18:21:48Z	INFO	goroutine/goroutine.go:67	[]
2022-07-29T18:21:53Z	INFO	goroutine/goroutine.go:67	[]
2022-07-29T18:21:58Z	INFO	goroutine/goroutine.go:67	[]
2022-07-29T18:22:03Z	INFO	goroutine/goroutine.go:67	[]
2022-07-29T18:22:08Z	INFO	goroutine/goroutine.go:67	[]
2022-07-29T18:22:13Z	INFO	goroutine/goroutine.go:67	[]
2022-07-29T18:22:18Z	INFO	goroutine/goroutine.go:67	[]
2022-07-29T18:22:23Z	INFO	goroutine/goroutine.go:67	[]
2022-07-29T18:22:28Z	INFO	goroutine/goroutine.go:67	[]
2022-07-29T18:22:33Z	INFO	goroutine/goroutine.go:67	[]
2022-07-29T18:22:38Z	INFO	goroutine/goroutine.go:67	[]
2022-07-29T18:22:43Z	INFO	goroutine/goroutine.go:67	[]
2022-07-29T18:22:48Z	INFO	goroutine/goroutine.go:67	[]
2022-07-29T18:22:53Z	INFO	goroutine/goroutine.go:67	[]
2022-07-29T18:22:58Z	INFO	goroutine/goroutine.go:67	[]
2022-07-29T18:23:03Z	INFO	goroutine/goroutine.go:67	[]
2022-07-29T18:23:08Z	INFO	goroutine/goroutine.go:67	[]
2022-07-29T18:23:13Z	INFO	goroutine/goroutine.go:67	[]
2022-07-29T18:23:18Z	INFO	goroutine/goroutine.go:67	[]
2022-07-29T18:23:23Z	INFO	goroutine/goroutine.go:67	[]
2022-07-29T18:23:28Z	INFO	goroutine/goroutine.go:67	[]
2022-07-29T18:23:33Z	INFO	goroutine/goroutine.go:67	[]
2022-07-29T18:23:38Z	INFO	goroutine/goroutine.go:67	[]
2022-07-29T18:23:43Z	INFO	goroutine/goroutine.go:67	[]
2022-07-29T18:23:48Z	INFO	goroutine/goroutine.go:67	[]
2022-07-29T18:23:53Z	INFO	goroutine/goroutine.go:67	[]
2022-07-29T18:23:58Z	INFO	goroutine/goroutine.go:67	[]
2022-07-29T18:24:03Z	INFO	goroutine/goroutine.go:67	[]
2022-07-29T18:24:08Z	INFO	goroutine/goroutine.go:67	[]
2022-07-29T18:24:13Z	INFO	goroutine/goroutine.go:67	[]
2022-07-29T18:24:18Z	INFO	goroutine/goroutine.go:67	[]
2022-07-29T18:24:23Z	INFO	goroutine/goroutine.go:67	[]
2022-07-29T18:24:28Z	INFO	goroutine/goroutine.go:67	[]
2022-07-29T18:24:33Z	INFO	goroutine/goroutine.go:67	[]
2022-07-29T18:24:38Z	INFO	goroutine/goroutine.go:67	[]
2022-07-29T18:24:43Z	INFO	goroutine/goroutine.go:67	[]
2022-07-29T18:24:48Z	INFO	goroutine/goroutine.go:67	[]
2022-07-29T18:24:53Z	INFO	goroutine/goroutine.go:67	[]
2022-07-29T18:24:58Z	INFO	goroutine/goroutine.go:67	[]
2022-07-29T18:25:03Z	INFO	goroutine/goroutine.go:67	[]
2022-07-29T18:25:08Z	INFO	goroutine/goroutine.go:67	[]
2022-07-29T18:25:13Z	INFO	goroutine/goroutine.go:67	[]
2022-07-29T18:25:18Z	INFO	goroutine/goroutine.go:67	[]
2022-07-29T18:25:23Z	INFO	goroutine/goroutine.go:67	[]
2022-07-29T18:25:28Z	INFO	goroutine/goroutine.go:67	[]
2022-07-29T18:25:33Z	INFO	goroutine/goroutine.go:67	[]
2022-07-29T18:25:38Z	INFO	goroutine/goroutine.go:67	[]
2022-07-29T18:25:43Z	INFO	goroutine/goroutine.go:67	[]
2022-07-29T18:25:48Z	INFO	goroutine/goroutine.go:67	[]
2022-07-29T18:25:53Z	INFO	goroutine/goroutine.go:67	[]
2022-07-29T18:25:58Z	INFO	goroutine/goroutine.go:67	[]
2022-07-29T18:26:03Z	INFO	goroutine/goroutine.go:67	[]
2022-07-29T18:26:08Z	INFO	goroutine/goroutine.go:67	[]
2022-07-29T18:26:13Z	INFO	goroutine/goroutine.go:67	[]
2022-07-29T18:26:18Z	INFO	goroutine/goroutine.go:67	[]
2022-07-29T18:26:23Z	INFO	goroutine/goroutine.go:67	[]
2022-07-29T18:26:28Z	INFO	goroutine/goroutine.go:67	[]
2022-07-29T18:26:33Z	INFO	goroutine/goroutine.go:67	[]
2022-07-29T18:26:38Z	INFO	goroutine/goroutine.go:67	[]
2022-07-29T18:26:43Z	INFO	goroutine/goroutine.go:67	[]
2022-07-29T18:26:48Z	INFO	goroutine/goroutine.go:67	[]
2022-07-29T18:26:53Z	INFO	goroutine/goroutine.go:67	[]
2022-07-29T18:26:58Z	INFO	goroutine/goroutine.go:67	[]
2022-07-29T18:27:03Z	INFO	goroutine/goroutine.go:67	[]
2022-07-29T18:27:08Z	INFO	goroutine/goroutine.go:67	[]
2022-07-29T18:27:13Z	INFO	goroutine/goroutine.go:67	[]
2022-07-29T18:27:18Z	INFO	goroutine/goroutine.go:67	[]
2022-07-29T18:27:23Z	INFO	goroutine/goroutine.go:67	[]
2022-07-29T18:27:28Z	INFO	goroutine/goroutine.go:67	[]
2022-07-29T18:27:33Z	INFO	goroutine/goroutine.go:67	[]
2022-07-29T18:27:38Z	INFO	goroutine/goroutine.go:67	[]
2022-07-29T18:27:43Z	INFO	goroutine/goroutine.go:67	[]
2022-07-29T18:27:48Z	INFO	goroutine/goroutine.go:67	[]
2022-07-29T18:27:53Z	INFO	goroutine/goroutine.go:67	[]
2022-07-29T18:27:58Z	INFO	goroutine/goroutine.go:67	[]
2022-07-29T18:28:03Z	INFO	goroutine/goroutine.go:67	[]
2022-07-29T18:28:08Z	INFO	goroutine/goroutine.go:67	[]
2022-07-29T18:28:13Z	INFO	goroutine/goroutine.go:67	[]
2022-07-29T18:28:18Z	INFO	goroutine/goroutine.go:67	[]
2022-07-29T18:28:23Z	INFO	goroutine/goroutine.go:67	[]
2022-07-29T18:28:28Z	INFO	goroutine/goroutine.go:67	[]
2022-07-29T18:28:33Z	INFO	goroutine/goroutine.go:67	[]
2022-07-29T18:28:38Z	INFO	goroutine/goroutine.go:67	[]
2022-07-29T18:28:43Z	INFO	goroutine/goroutine.go:67	[]
2022-07-29T18:28:48Z	INFO	goroutine/goroutine.go:67	[]
2022-07-29T18:28:53Z	INFO	goroutine/goroutine.go:67	[]
2022-07-29T18:28:58Z	INFO	goroutine/goroutine.go:67	[]
2022-07-29T18:29:03Z	INFO	goroutine/goroutine.go:67	[]
2022-07-29T18:29:08Z	INFO	goroutine/goroutine.go:67	[]
2022-07-29T18:29:13Z	INFO	goroutine/goroutine.go:67	[]
2022-07-29T18:29:18Z	INFO	goroutine/goroutine.go:67	[]
2022-07-29T18:29:23Z	INFO	goroutine/goroutine.go:67	[]
2022-07-29T18:29:28Z	INFO	goroutine/goroutine.go:67	[]
2022-07-29T18:29:33Z	INFO	goroutine/goroutine.go:67	[]
2022-07-29T18:29:38Z	INFO	goroutine/goroutine.go:67	[]
2022-07-29T18:29:43Z	INFO	goroutine/goroutine.go:67	[]
2022-07-29T18:29:48Z	INFO	goroutine/goroutine.go:67	[]
2022-07-29T18:29:53Z	INFO	goroutine/goroutine.go:67	[]
2022-07-29T18:29:58Z	INFO	goroutine/goroutine.go:67	[]
2022-07-29T18:30:03Z	INFO	goroutine/goroutine.go:67	[]
2022-07-29T18:30:08Z	INFO	goroutine/goroutine.go:67	[]
2022-07-29T18:30:13Z	INFO	goroutine/goroutine.go:67	[]
2022-07-29T18:30:18Z	INFO	goroutine/goroutine.go:67	[]
2022-07-29T18:30:23Z	INFO	goroutine/goroutine.go:67	[]
2022-07-29T18:30:28Z	INFO	goroutine/goroutine.go:67	[]
2022-07-29T18:30:33Z	INFO	goroutine/goroutine.go:67	[]
2022-07-29T18:30:38Z	INFO	goroutine/goroutine.go:67	[]
2022-07-29T18:30:43Z	INFO	goroutine/goroutine.go:67	[]
2022-07-29T18:30:48Z	INFO	goroutine/goroutine.go:67	[]
2022-07-29T18:30:53Z	INFO	goroutine/goroutine.go:67	[]
2022-07-29T18:30:58Z	INFO	goroutine/goroutine.go:67	[]
2022-07-29T18:31:03Z	INFO	goroutine/goroutine.go:67	[]
2022-07-29T18:31:08Z	INFO	goroutine/goroutine.go:67	[]
2022-07-29T18:31:13Z	INFO	goroutine/goroutine.go:67	[]
2022-07-29T18:31:18Z	INFO	goroutine/goroutine.go:67	[]
2022-07-29T18:31:23Z	INFO	goroutine/goroutine.go:67	[]
2022-07-29T18:31:28Z	INFO	goroutine/goroutine.go:67	[]
2022-07-29T18:31:33Z	INFO	goroutine/goroutine.go:67	[]
2022-07-29T18:31:38Z	INFO	goroutine/goroutine.go:67	[]
2022-07-29T18:31:43Z	INFO	goroutine/goroutine.go:67	[]
2022-07-29T18:31:48Z	INFO	goroutine/goroutine.go:67	[]
2022-07-29T18:31:53Z	INFO	goroutine/goroutine.go:67	[]
2022-07-29T18:31:58Z	INFO	goroutine/goroutine.go:67	[]
2022-07-29T18:32:03Z	INFO	goroutine/goroutine.go:67	[]
2022-07-29T18:32:08Z	INFO	goroutine/goroutine.go:67	[]
2022-07-29T18:32:13Z	INFO	goroutine/goroutine.go:67	[]
2022-07-29T18:32:18Z	INFO	goroutine/goroutine.go:67	[]
2022-07-29T18:32:23Z	INFO	goroutine/goroutine.go:67	[]
2022-07-29T18:32:28Z	INFO	goroutine/goroutine.go:67	[]
2022-07-29T18:32:33Z	INFO	goroutine/goroutine.go:67	[]
2022-07-29T18:32:38Z	INFO	goroutine/goroutine.go:67	[]
2022-07-29T18:32:43Z	INFO	goroutine/goroutine.go:67	[]
2022-07-29T18:32:48Z	INFO	goroutine/goroutine.go:67	[]
2022-07-29T18:32:53Z	INFO	goroutine/goroutine.go:67	[]
2022-07-29T18:32:58Z	INFO	goroutine/goroutine.go:67	[]
2022-07-29T18:33:03Z	INFO	goroutine/goroutine.go:67	[]
2022-07-29T18:33:08Z	INFO	goroutine/goroutine.go:67	[]
2022-07-29T18:33:13Z	INFO	goroutine/goroutine.go:67	[]
2022-07-29T18:33:18Z	INFO	goroutine/goroutine.go:67	[]
2022-07-29T18:33:23Z	INFO	goroutine/goroutine.go:67	[]
2022-07-29T18:33:28Z	INFO	goroutine/goroutine.go:67	[]
2022-07-29T18:33:33Z	INFO	goroutine/goroutine.go:67	[]
2022-07-29T18:33:38Z	INFO	goroutine/goroutine.go:67	[]
2022-07-29T18:33:43Z	INFO	goroutine/goroutine.go:67	[]
2022-07-29T18:33:48Z	INFO	goroutine/goroutine.go:67	[]
2022-07-29T18:33:53Z	INFO	goroutine/goroutine.go:67	[]
2022-07-29T18:33:58Z	INFO	goroutine/goroutine.go:67	[]
2022-07-29T18:34:03Z	INFO	goroutine/goroutine.go:67	[]
2022-07-29T18:34:08Z	INFO	goroutine/goroutine.go:67	[]
2022-07-29T18:34:13Z	INFO	goroutine/goroutine.go:67	[]
2022-07-29T18:34:18Z	INFO	goroutine/goroutine.go:67	[]
2022-07-29T18:34:23Z	INFO	goroutine/goroutine.go:67	[]
2022-07-29T18:34:28Z	INFO	goroutine/goroutine.go:67	[]
2022-07-29T18:34:33Z	INFO	goroutine/goroutine.go:67	[]
2022-07-29T18:34:38Z	INFO	goroutine/goroutine.go:67	[]
2022-07-29T18:34:43Z	INFO	goroutine/goroutine.go:67	[]
2022-07-29T18:34:48Z	INFO	goroutine/goroutine.go:67	[]
2022-07-29T18:34:53Z	INFO	goroutine/goroutine.go:67	[]
2022-07-29T18:34:58Z	INFO	goroutine/goroutine.go:67	[]
2022-07-29T18:35:03Z	INFO	goroutine/goroutine.go:67	[]
2022-07-29T18:35:08Z	INFO	goroutine/goroutine.go:67	[]
2022-07-29T18:35:13Z	INFO	goroutine/goroutine.go:67	[]
2022-07-29T18:35:18Z	INFO	goroutine/goroutine.go:67	[]
2022-07-29T18:35:23Z	INFO	goroutine/goroutine.go:67	[]
2022-07-29T18:35:28Z	INFO	goroutine/goroutine.go:67	[]
2022-07-29T18:35:33Z	INFO	goroutine/goroutine.go:67	[]
2022-07-29T18:35:38Z	INFO	goroutine/goroutine.go:67	[]
2022-07-29T18:35:43Z	INFO	goroutine/goroutine.go:67	[]
2022-07-29T18:35:48Z	INFO	goroutine/goroutine.go:67	[]
2022-07-29T18:35:53Z	INFO	goroutine/goroutine.go:67	[]
2022-07-29T18:35:58Z	INFO	goroutine/goroutine.go:67	[]
2022-07-29T18:36:03Z	INFO	goroutine/goroutine.go:67	[]
2022-07-29T18:36:08Z	INFO	goroutine/goroutine.go:67	[]
2022-07-29T18:36:13Z	INFO	goroutine/goroutine.go:67	[]
2022-07-29T18:36:18Z	INFO	goroutine/goroutine.go:67	[]
2022-07-29T18:36:23Z	INFO	goroutine/goroutine.go:67	[]
2022-07-29T18:36:28Z	INFO	goroutine/goroutine.go:67	[]
2022-07-29T18:36:33Z	INFO	goroutine/goroutine.go:67	[]
2022-07-29T18:36:38Z	INFO	goroutine/goroutine.go:67	[]
2022-07-29T18:36:43Z	INFO	goroutine/goroutine.go:67	[]
2022-07-29T18:36:48Z	INFO	goroutine/goroutine.go:67	[]
2022-07-29T18:36:53Z	INFO	goroutine/goroutine.go:67	[]
2022-07-29T18:36:58Z	INFO	goroutine/goroutine.go:67	[]
2022-07-29T18:37:03Z	INFO	goroutine/goroutine.go:67	[]
2022-07-29T18:37:08Z	INFO	goroutine/goroutine.go:67	[]
2022-07-29T18:37:13Z	INFO	goroutine/goroutine.go:67	[]
2022-07-29T18:37:18Z	INFO	goroutine/goroutine.go:67	[]
2022-07-29T18:37:23Z	INFO	goroutine/goroutine.go:67	[]
2022-07-29T18:37:28Z	INFO	goroutine/goroutine.go:67	[]
2022-07-29T18:37:33Z	INFO	goroutine/goroutine.go:67	[]
2022-07-29T18:37:38Z	INFO	goroutine/goroutine.go:67	[]
2022-07-29T18:37:43Z	INFO	goroutine/goroutine.go:67	[]
2022-07-29T18:37:48Z	INFO	goroutine/goroutine.go:67	[]
2022-07-29T18:37:53Z	INFO	goroutine/goroutine.go:67	[]
2022-07-29T18:37:58Z	INFO	goroutine/goroutine.go:67	[]
2022-07-29T18:38:03Z	INFO	goroutine/goroutine.go:67	[]
2022-07-29T18:38:08Z	INFO	goroutine/goroutine.go:67	[]
2022-07-29T18:38:13Z	INFO	goroutine/goroutine.go:67	[]
2022-07-29T18:38:18Z	INFO	goroutine/goroutine.go:67	[]
2022-07-29T18:38:23Z	INFO	goroutine/goroutine.go:67	[]
2022-07-29T18:38:28Z	INFO	goroutine/goroutine.go:67	[]
2022-07-29T18:38:33Z	INFO	goroutine/goroutine.go:67	[]
2022-07-29T18:38:38Z	INFO	goroutine/goroutine.go:67	[]
2022-07-29T18:38:43Z	INFO	goroutine/goroutine.go:67	[]
2022-07-29T18:38:48Z	INFO	goroutine/goroutine.go:67	[]
2022-07-29T18:38:53Z	INFO	goroutine/goroutine.go:67	[]
2022-07-29T18:38:58Z	INFO	goroutine/goroutine.go:67	[]
2022-07-29T18:39:03Z	INFO	goroutine/goroutine.go:67	[]
2022-07-29T18:39:08Z	INFO	goroutine/goroutine.go:67	[]
2022-07-29T18:39:13Z	INFO	goroutine/goroutine.go:67	[]
2022-07-29T18:39:18Z	INFO	goroutine/goroutine.go:67	[]
2022-07-29T18:39:23Z	INFO	goroutine/goroutine.go:67	[]
2022-07-29T18:39:28Z	INFO	goroutine/goroutine.go:67	[]
2022-07-29T18:39:33Z	INFO	goroutine/goroutine.go:67	[]
2022-07-29T18:39:38Z	INFO	goroutine/goroutine.go:67	[]
2022-07-29T18:39:43Z	INFO	goroutine/goroutine.go:67	[]
2022-07-29T18:39:48Z	INFO	goroutine/goroutine.go:67	[]
2022-07-29T18:39:53Z	INFO	goroutine/goroutine.go:67	[]
2022-07-29T18:39:58Z	INFO	goroutine/goroutine.go:67	[]
2022-07-29T18:40:03Z	INFO	goroutine/goroutine.go:67	[]
2022-07-29T18:40:08Z	INFO	goroutine/goroutine.go:67	[]
2022-07-29T18:40:13Z	INFO	goroutine/goroutine.go:67	[]
2022-07-29T18:40:18Z	INFO	goroutine/goroutine.go:67	[]
2022-07-29T18:40:23Z	INFO	goroutine/goroutine.go:67	[]
2022-07-29T18:40:28Z	INFO	goroutine/goroutine.go:67	[]
2022-07-29T18:40:33Z	INFO	goroutine/goroutine.go:67	[]
2022-07-29T18:40:38Z	INFO	goroutine/goroutine.go:67	[]
2022-07-29T18:40:43Z	INFO	goroutine/goroutine.go:67	[]
2022-07-29T18:40:48Z	INFO	goroutine/goroutine.go:67	[]
2022-07-29T18:40:53Z	INFO	goroutine/goroutine.go:67	[]
2022-07-29T18:40:58Z	INFO	goroutine/goroutine.go:67	[]
2022-07-29T18:41:03Z	INFO	goroutine/goroutine.go:67	[]
2022-07-29T18:41:08Z	INFO	goroutine/goroutine.go:67	[]
2022-07-29T18:41:13Z	INFO	goroutine/goroutine.go:67	[]
2022-07-29T18:41:18Z	INFO	goroutine/goroutine.go:67	[]
2022-07-29T18:41:23Z	INFO	goroutine/goroutine.go:67	[]
2022-07-29T18:41:28Z	INFO	goroutine/goroutine.go:67	[]
2022-07-29T18:41:33Z	INFO	goroutine/goroutine.go:67	[]
2022-07-29T18:41:38Z	INFO	goroutine/goroutine.go:67	[]
2022-07-29T18:41:43Z	INFO	goroutine/goroutine.go:67	[]
2022-07-29T18:41:48Z	INFO	goroutine/goroutine.go:67	[]
2022-07-29T18:41:53Z	INFO	goroutine/goroutine.go:67	[]
2022-07-29T18:41:58Z	INFO	goroutine/goroutine.go:67	[]
2022-07-29T18:42:03Z	INFO	goroutine/goroutine.go:67	[]
2022-07-29T18:42:08Z	INFO	goroutine/goroutine.go:67	[]
2022-07-29T18:42:13Z	INFO	goroutine/goroutine.go:67	[]
2022-07-29T18:42:18Z	INFO	goroutine/goroutine.go:67	[]
2022-07-29T18:42:23Z	INFO	goroutine/goroutine.go:67	[]
2022-07-29T18:42:28Z	INFO	goroutine/goroutine.go:67	[]
2022-07-29T18:42:33Z	INFO	goroutine/goroutine.go:67	[]
2022-07-29T18:42:38Z	INFO	goroutine/goroutine.go:67	[]
2022-07-29T18:42:43Z	INFO	goroutine/goroutine.go:67	[]
2022-07-29T18:42:48Z	INFO	goroutine/goroutine.go:67	[]
2022-07-29T18:42:53Z	INFO	goroutine/goroutine.go:67	[]
2022-07-29T18:42:58Z	INFO	goroutine/goroutine.go:67	[]
2022-07-29T18:43:03Z	INFO	goroutine/goroutine.go:67	[]
2022-07-29T18:43:08Z	INFO	goroutine/goroutine.go:67	[]
2022-07-29T18:43:13Z	INFO	goroutine/goroutine.go:67	[]
2022-07-29T18:43:18Z	INFO	goroutine/goroutine.go:67	[]
2022-07-29T18:43:23Z	INFO	goroutine/goroutine.go:67	[]
2022-07-29T18:43:28Z	INFO	goroutine/goroutine.go:67	[]
2022-07-29T18:43:33Z	INFO	goroutine/goroutine.go:67	[]
2022-07-29T18:43:38Z	INFO	goroutine/goroutine.go:67	[]
2022-07-29T18:43:43Z	INFO	goroutine/goroutine.go:67	[]
2022-07-29T18:43:48Z	INFO	goroutine/goroutine.go:67	[]
2022-07-29T18:43:53Z	INFO	goroutine/goroutine.go:67	[]
2022-07-29T18:43:58Z	INFO	goroutine/goroutine.go:67	[]
2022-07-29T18:44:03Z	INFO	goroutine/goroutine.go:67	[]
2022-07-29T18:44:08Z	INFO	goroutine/goroutine.go:67	[]
2022-07-29T18:44:13Z	INFO	goroutine/goroutine.go:67	[]
2022-07-29T18:44:18Z	INFO	goroutine/goroutine.go:67	[]
2022-07-29T18:44:23Z	INFO	goroutine/goroutine.go:67	[]
2022-07-29T18:44:28Z	INFO	goroutine/goroutine.go:67	[]
2022-07-29T18:44:33Z	INFO	goroutine/goroutine.go:67	[]
2022-07-29T18:44:38Z	INFO	goroutine/goroutine.go:67	[]
2022-07-29T18:44:43Z	INFO	goroutine/goroutine.go:67	[]
